Log file open, 12/12/18 23:17:00
LogWindows: Failed to load 'aqProf.dll' (GetLastError=126)
LogWindows: File 'aqProf.dll' does not exist
LogWindows: Failed to load 'VtuneApi.dll' (GetLastError=126)
LogWindows: File 'VtuneApi.dll' does not exist
LogWindows: Failed to load 'VtuneApi32e.dll' (GetLastError=126)
LogWindows: File 'VtuneApi32e.dll' does not exist
LogInit: Display: Running engine for game: GTRP
LogPlatformFile: Not using cached read wrapper
LogTaskGraph: Started task graph with 5 named threads and 23 total threads with 3 sets of task threads.
LogStats: Stats thread started at 0.398271
LogD3D11RHI: Loaded GFSDK_Aftermath_Lib.x64.dll
LogICUInternationalization: Display: ICU TimeZone Detection - Raw Offset: +0:00, Platform Override: ''
LogPluginManager: Mounting plugin Paper2D
LogPluginManager: Mounting plugin AISupport
LogPluginManager: Mounting plugin LightPropagationVolume
LogPluginManager: Mounting plugin CLionSourceCodeAccess
LogPluginManager: Mounting plugin CodeLiteSourceCodeAccess
LogPluginManager: Mounting plugin GitSourceControl
LogPluginManager: Mounting plugin KDevelopSourceCodeAccess
LogPluginManager: Mounting plugin NullSourceCodeAccess
LogPluginManager: Mounting plugin PerforceSourceControl
LogPluginManager: Mounting plugin SubversionSourceControl
LogPluginManager: Mounting plugin UObjectPlugin
LogPluginManager: Mounting plugin VisualStudioCodeSourceCodeAccess
LogPluginManager: Mounting plugin VisualStudioSourceCodeAccess
LogPluginManager: Mounting plugin XCodeSourceCodeAccess
LogPluginManager: Mounting plugin AssetManagerEditor
LogPluginManager: Mounting plugin CryptoKeys
LogPluginManager: Mounting plugin DataValidation
LogPluginManager: Mounting plugin FacialAnimation
LogPluginManager: Mounting plugin GameplayTagsEditor
LogPluginManager: Mounting plugin MacGraphicsSwitching
LogPluginManager: Mounting plugin MeshEditor
LogPluginManager: Mounting plugin MobileLauncherProfileWizard
LogPluginManager: Mounting plugin PluginBrowser
LogPluginManager: Mounting plugin SpeedTreeImporter
LogPluginManager: Mounting plugin DatasmithContent
LogPluginManager: Mounting plugin AlembicImporter
LogPluginManager: Mounting plugin AppleImageUtils
LogPluginManager: Mounting plugin AppleVision
LogPluginManager: Mounting plugin BackChannel
LogPluginManager: Mounting plugin CharacterAI
LogPluginManager: Mounting plugin GeometryCache
LogPluginManager: Mounting plugin HTML5Networking
LogPluginManager: Mounting plugin ProxyLODPlugin
LogPluginManager: Mounting plugin MagicLeap
LogPluginManager: Mounting plugin MagicLeapEmulator
LogPluginManager: Mounting plugin MagicLeapMedia
LogPluginManager: Mounting plugin AndroidMedia
LogPluginManager: Mounting plugin AvfMedia
LogPluginManager: Mounting plugin ImgMedia
LogPluginManager: Mounting plugin LinearTimecode
LogPluginManager: Mounting plugin MediaCompositing
LogPluginManager: Mounting plugin MediaPlayerEditor
LogPluginManager: Mounting plugin WmfMedia
LogPluginManager: Mounting plugin TcpMessaging
LogPluginManager: Mounting plugin UdpMessaging
LogPluginManager: Mounting plugin ActorSequence
LogPluginManager: Mounting plugin LevelSequenceEditor
LogPluginManager: Mounting plugin MatineeToLevelSequence
LogPluginManager: Mounting plugin NetcodeUnitTest
LogPluginManager: Mounting plugin NUTUnrealEngine4
LogPluginManager: Mounting plugin OnlineSubsystemGooglePlay
LogPluginManager: Mounting plugin OnlineSubsystemIOS
LogPluginManager: Mounting plugin OnlineSubsystem
LogPluginManager: Mounting plugin OnlineSubsystemNull
LogPluginManager: Mounting plugin OnlineSubsystemSteam
LogPluginManager: Mounting plugin OnlineSubsystemUtils
LogPluginManager: Mounting plugin LauncherChunkInstaller
LogPluginManager: Mounting plugin AndroidDeviceProfileSelector
LogPluginManager: Mounting plugin AndroidMoviePlayer
LogPluginManager: Mounting plugin AndroidPermission
LogPluginManager: Mounting plugin ApexDestruction
LogPluginManager: Mounting plugin AppleMoviePlayer
LogPluginManager: Mounting plugin ArchVisCharacter
LogPluginManager: Mounting plugin AudioCapture
LogPluginManager: Mounting plugin CableComponent
LogPluginManager: Mounting plugin CustomMeshComponent
LogPluginManager: Mounting plugin EditableMesh
LogPluginManager: Mounting plugin ExampleDeviceProfileSelector
LogPluginManager: Mounting plugin GoogleCloudMessaging
LogPluginManager: Mounting plugin ImmediatePhysics
LogPluginManager: Mounting plugin IOSDeviceProfileSelector
LogPluginManager: Mounting plugin LinuxDeviceProfileSelector
LogPluginManager: Mounting plugin LocationServicesBPLibrary
LogPluginManager: Mounting plugin MobilePatchingUtils
LogPluginManager: Mounting plugin OculusVR
LogPluginManager: Plugin shader directory ../../../Engine/Plugins/Runtime/Oculus/OculusVR/Shaders found
LogPluginManager: Mapping shader source directory ../../../Engine/Plugins/Runtime/Oculus/OculusVR/Shaders to virtual directory /Plugin/OculusVR
LogPluginManager: Mounting plugin PhysXVehicles
LogPluginManager: Mounting plugin ProceduralMeshComponent
LogPluginManager: Mounting plugin RuntimePhysXCooking
LogPluginManager: Mounting plugin SteamVR
LogPluginManager: Mounting plugin WindowsMoviePlayer
LogPluginManager: Mounting plugin AdvancedSessions
LogPluginManager: Mounting plugin AdvancedSteamSessions
LogPluginManager: Mounting plugin VictoryBPLibrary
LogStreaming: Display: Took  1.102s to configure plugins.
LogInit: Using libcurl 7.55.1-DEV
LogInit:  - built for x86_64-pc-win32
LogInit:  - supports SSL with OpenSSL/1.0.2h
LogInit:  - supports HTTP deflate (compression) using libz 1.2.8
LogInit:  - other features:
LogInit:      CURL_VERSION_SSL
LogInit:      CURL_VERSION_LIBZ
LogInit:      CURL_VERSION_IPV6
LogInit:      CURL_VERSION_ASYNCHDNS
LogInit:      CURL_VERSION_LARGEFILE
LogInit:      CURL_VERSION_IDN
LogInit:  CurlRequestOptions (configurable via config and command line):
LogInit:  - bVerifyPeer = false  - Libcurl will NOT verify peer certificate
LogInit:  - bUseHttpProxy = false  - Libcurl will NOT use HTTP proxy
LogInit:  - bDontReuseConnections = false  - Libcurl will reuse connections
LogInit:  - CertBundlePath = nullptr  - Libcurl will use whatever was configured at build time.
LogInit:  - MaxHostConnections = 16  - Libcurl will limit the number of connections to a host
LogInit:  - LocalHostAddr = Default
LogInit:  - BufferSize = 65536
LogOnline: Display: STEAM: Loading Steam SDK 1.39
LogOnline: Warning: STEAM: Steam API disabled!
LogOnline: Display: STEAM: OnlineSubsystemSteam::Shutdown()
LogInit: WinSock: version 1.1 (2.2), MaxSocks=32767, MaxUdp=65467
LogInit: Build: ++UE4+Release-4.20-CL-4369336
LogInit: Engine Version: 4.20.3-4369336+++UE4+Release-4.20
LogInit: Compatible Engine Version: 4.20.0-4212847+++UE4+Release-4.20
LogInit: Net CL: 4212847
LogInit: OS: Windows 10 (), CPU: Intel(R) Core(TM) i7-4790 CPU @ 3.60GHz, GPU: NVIDIA GeForce GTX 980 Ti
LogInit: Compiled (64-bit): Sep 17 2018 12:26:19
LogInit: Compiled with Visual C++: 19.13.26129.00
LogInit: Build Configuration: Development
LogInit: Branch Name: ++UE4+Release-4.20
LogInit: Command Line:  
LogInit: Base Directory: C:/Program Files/Epic Games/UE_4.20/Engine/Binaries/Win64/
LogInit: Installed Engine Build: 1
LogDevObjectVersion: Number of dev versions registered: 20
LogDevObjectVersion:   Dev-Blueprints (B0D832E4-1F89-4F0D-ACCF-7EB736FD4AA2): 10
LogDevObjectVersion:   Dev-Build (E1C64328-A22C-4D53-A36C-8E866417BD8C): 0
LogDevObjectVersion:   Dev-Core (375EC13C-06E4-48FB-B500-84F0262A717E): 2
LogDevObjectVersion:   Dev-Editor (E4B068ED-F494-42E9-A231-DA0B2E46BB41): 24
LogDevObjectVersion:   Dev-Framework (CFFC743F-43B0-4480-9391-14DF171D2073): 34
LogDevObjectVersion:   Dev-Mobile (B02B49B5-BB20-44E9-A304-32B752E40360): 2
LogDevObjectVersion:   Dev-Networking (A4E4105C-59A1-49B5-A7C5-40C4547EDFEE): 0
LogDevObjectVersion:   Dev-Online (39C831C9-5AE6-47DC-9A44-9C173E1C8E7C): 0
LogDevObjectVersion:   Dev-Physics (78F01B33-EBEA-4F98-B9B4-84EACCB95AA2): 0
LogDevObjectVersion:   Dev-Platform (6631380F-2D4D-43E0-8009-CF276956A95A): 0
LogDevObjectVersion:   Dev-Rendering (12F88B9F-8875-4AFC-A67C-D90C383ABD29): 26
LogDevObjectVersion:   Dev-Sequencer (7B5AE74C-D270-4C10-A958-57980B212A5A): 9
LogDevObjectVersion:   Dev-VR (D7296918-1DD6-4BDD-9DE2-64A83CC13884): 2
LogDevObjectVersion:   Dev-LoadTimes (C2A15278-BFE7-4AFE-6C17-90FF531DF755): 1
LogDevObjectVersion:   Private-Geometry (6EACA3D4-40EC-4CC1-B786-8BED09428FC5): 3
LogDevObjectVersion:   Dev-AnimPhys (29E575DD-E0A3-4627-9D10-D276232CDCEA): 17
LogDevObjectVersion:   Dev-ReflectionCapture (6B266CEC-1EC7-4B8F-A30B-E4D90942FC07): 1
LogDevObjectVersion:   Dev-Automation (0DF73D61-A23F-47EA-B727-89E90C41499A): 1
LogDevObjectVersion:   FortniteMain (601D1886-AC64-4F84-AA16-D3DE0DEAC7D6): 12
LogDevObjectVersion:   Dev-Enterprise (9DFFBCD6-494F-0158-E221-12823C92A888): 1
LogStreaming: Display: Took  0.312s to delete old logs.
LogInit: Presizing for max 8388607 objects, including 0 objects not considered by GC, pre-allocating 0 bytes for permanent pool.
LogInit: Object subsystem initialized
[2018.12.12-23.17.05:323][  0]LogInit: Selected Device Profile: [Windows]
[2018.12.12-23.17.05:324][  0]LogInit: Applying CVar settings loaded from the selected device profile: [Windows]
[2018.12.12-23.17.05:467][  0]LogHAL: Display: Platform has ~ 16 GB [17116696576 / 17179869184 / 16], which maps to Larger [LargestMinGB=32, LargerMinGB=12, DefaultMinGB=8, SmallerMinGB=6, SmallestMinGB=0)
[2018.12.12-23.17.05:488][  0]LogInit: Setting Device Profile CVar: [[r.Vulkan.UseRealUBs:1]]
[2018.12.12-23.17.05:488][  0]LogInit: Going up to parent DeviceProfile []
[2018.12.12-23.17.05:581][  0]LogInit: Computer: VIGOR-VANQUISH
[2018.12.12-23.17.05:581][  0]LogInit: User: James
[2018.12.12-23.17.05:581][  0]LogInit: CPU Page size=4096, Cores=4
[2018.12.12-23.17.05:581][  0]LogInit: High frequency timer resolution =3.514605 MHz
[2018.12.12-23.17.05:581][  0]LogMemory: Memory total: Physical=15.9GB (16GB approx)
[2018.12.12-23.17.05:582][  0]LogMemory: Platform Memory Stats for Windows
[2018.12.12-23.17.05:582][  0]LogMemory: Process Physical Memory: 106.75 MB used, 106.75 MB peak
[2018.12.12-23.17.05:582][  0]LogMemory: Process Virtual Memory: 91.71 MB used, 91.71 MB peak
[2018.12.12-23.17.05:582][  0]LogMemory: Physical Memory: 8568.09 MB used,  7755.66 MB free, 16323.75 MB total
[2018.12.12-23.17.05:582][  0]LogMemory: Virtual Memory: 4656.75 MB used,  7755.66 MB free, 134217728.00 MB total
[2018.12.12-23.17.07:268][  0]LogInit: Using OS detected language (en-GB).
[2018.12.12-23.17.07:269][  0]LogInit: Using OS detected locale (en-GB).
[2018.12.12-23.17.07:550][  0]LogTextLocalizationManager: No specific localization for 'en-GB' exists, so the 'en' localization will be used.
[2018.12.12-23.17.09:861][  0]LogStreaming: Display: Took  2.599s to InitEngineTextLocalization.
[2018.12.12-23.17.09:871][  0]LogInit: Setting process to per monitor DPI aware
[2018.12.12-23.17.11:194][  0]LogSlate: New Slate User Created.  User Index 0, Is Virtual User: 0
[2018.12.12-23.17.11:194][  0]LogSlate: Slate User Registered.  User Index 0, Is Virtual User: 0
[2018.12.12-23.17.21:585][  0]LogD3D11RHI: D3D11 adapters:
[2018.12.12-23.17.22:264][  0]LogD3D11RHI:    0. 'NVIDIA GeForce GTX 980 Ti' (Feature Level 11_0)
[2018.12.12-23.17.22:264][  0]LogD3D11RHI:       6097/0/8161 MB DedicatedVideo/DedicatedSystem/SharedSystem, Outputs:3, VendorId:0x10de
[2018.12.12-23.17.22:266][  0]LogD3D11RHI:    1. 'Microsoft Basic Render Driver' (Feature Level 11_0)
[2018.12.12-23.17.22:266][  0]LogD3D11RHI:       0/0/8161 MB DedicatedVideo/DedicatedSystem/SharedSystem, Outputs:0, VendorId:0x1414
[2018.12.12-23.17.22:266][  0]LogD3D11RHI: Chosen D3D11 Adapter: 0
[2018.12.12-23.17.22:311][  0]LogD3D11RHI: Creating new Direct3DDevice
[2018.12.12-23.17.22:311][  0]LogD3D11RHI:     GPU DeviceId: 0x17c8 (for the marketing name, search the web for "GPU Device Id")
[2018.12.12-23.17.22:330][  0]LogWindows: EnumDisplayDevices:
[2018.12.12-23.17.22:330][  0]LogWindows:    0. 'NVIDIA GeForce GTX 980 Ti' (P:0 D:1)
[2018.12.12-23.17.22:331][  0]LogWindows:    1. 'NVIDIA GeForce GTX 980 Ti' (P:1 D:1)
[2018.12.12-23.17.22:331][  0]LogWindows:    2. 'NVIDIA GeForce GTX 980 Ti' (P:0 D:1)
[2018.12.12-23.17.22:331][  0]LogWindows:    3. 'NVIDIA GeForce GTX 980 Ti' (P:0 D:0)
[2018.12.12-23.17.22:331][  0]LogWindows: DebugString: FoundDriverCount:4 
[2018.12.12-23.17.22:331][  0]LogD3D11RHI:     Adapter Name: NVIDIA GeForce GTX 980 Ti
[2018.12.12-23.17.22:332][  0]LogD3D11RHI:   Driver Version: 417.22 (internal:25.21.14.1722, unified:417.22)
[2018.12.12-23.17.22:332][  0]LogD3D11RHI:      Driver Date: 11-29-2018
[2018.12.12-23.17.22:332][  0]LogRHI: Texture pool is 4268 MB (70% of 6097 MB)
[2018.12.12-23.17.22:391][  0]LogD3D11RHI: Async texture creation enabled
[2018.12.12-23.17.22:833][  0]LogD3D11RHI: GPU Timing Frequency: 1000.000000 (Debug: 2 2)
[2018.12.12-23.17.23:020][  0]LogShaderCompilers: Guid format shader working directory is -15 characters bigger than the processId version (../../../../../../Users/James/Documents/Unreal Projects/GTRP/Intermediate/Shaders/WorkingDirectory/20956/).
[2018.12.12-23.17.23:021][  0]LogShaderCompilers: Cleaned the shader compiler working directory 'C:/Users/James/AppData/Local/Temp/UnrealShaderWorkingDir/7A41EA3A44794993EFBC8982F17888D0/'.
[2018.12.12-23.17.24:742][  0]LogTemp: Display: Loaded TP AllDesktopTargetPlatform
[2018.12.12-23.17.24:781][  0]LogTemp: Display: Loaded TP MacClientTargetPlatform
[2018.12.12-23.17.24:803][  0]LogTemp: Display: Loaded TP MacNoEditorTargetPlatform
[2018.12.12-23.17.24:825][  0]LogTemp: Display: Loaded TP MacServerTargetPlatform
[2018.12.12-23.17.24:928][  0]LogTemp: Display: Loaded TP MacTargetPlatform
[2018.12.12-23.17.24:990][  0]LogTemp: Display: Loaded TP WindowsClientTargetPlatform
[2018.12.12-23.17.25:024][  0]LogTemp: Display: Loaded TP WindowsNoEditorTargetPlatform
[2018.12.12-23.17.25:055][  0]LogTemp: Display: Loaded TP WindowsServerTargetPlatform
[2018.12.12-23.17.25:070][  0]LogTemp: Display: Loaded TP WindowsTargetPlatform
[2018.12.12-23.17.25:264][  0]LogTemp: Display: Loaded TP AndroidTargetPlatform
[2018.12.12-23.17.25:264][  0]LogTemp: Display: Loaded TP AndroidTargetPlatform
[2018.12.12-23.17.25:264][  0]LogTemp: Display: Loaded TP AndroidTargetPlatform
[2018.12.12-23.17.25:264][  0]LogTemp: Display: Loaded TP AndroidTargetPlatform
[2018.12.12-23.17.25:264][  0]LogTemp: Display: Loaded TP AndroidTargetPlatform
[2018.12.12-23.17.25:264][  0]LogTemp: Display: Loaded TP AndroidTargetPlatform
[2018.12.12-23.17.25:264][  0]LogTemp: Display: Loaded TP AndroidTargetPlatform
[2018.12.12-23.17.25:264][  0]LogTemp: Display: Loaded TP AndroidTargetPlatform
[2018.12.12-23.17.25:264][  0]LogTemp: Display: Loaded TP AndroidTargetPlatform
[2018.12.12-23.17.25:264][  0]LogTemp: Display: Loaded TP AndroidTargetPlatform
[2018.12.12-23.17.25:264][  0]LogTemp: Display: Loaded TP AndroidTargetPlatform
[2018.12.12-23.17.25:264][  0]LogTemp: Display: Loaded TP AndroidTargetPlatform
[2018.12.12-23.17.25:264][  0]LogTemp: Display: Loaded TP AndroidTargetPlatform
[2018.12.12-23.17.25:264][  0]LogTemp: Display: Loaded TP AndroidTargetPlatform
[2018.12.12-23.17.25:264][  0]LogTemp: Display: Loaded TP AndroidTargetPlatform
[2018.12.12-23.17.25:264][  0]LogTemp: Display: Loaded TP AndroidTargetPlatform
[2018.12.12-23.17.25:264][  0]LogTemp: Display: Loaded TP AndroidTargetPlatform
[2018.12.12-23.17.25:264][  0]LogTemp: Display: Loaded TP AndroidTargetPlatform
[2018.12.12-23.17.25:290][  0]LogTemp: Display: Loaded TP HTML5TargetPlatform
[2018.12.12-23.17.25:446][  0]LogTemp: Display: Loaded TP IOSTargetPlatform
[2018.12.12-23.17.25:446][  0]LogTemp: Display: Loaded TP IOSTargetPlatform
[2018.12.12-23.17.25:526][  0]LogTemp: Display: Loaded TP TVOSTargetPlatform
[2018.12.12-23.17.25:526][  0]LogTemp: Display: Loaded TP TVOSTargetPlatform
[2018.12.12-23.17.25:564][  0]LogTemp: Display: Loaded TP LinuxClientTargetPlatform
[2018.12.12-23.17.25:579][  0]LogTemp: Display: Loaded TP LinuxNoEditorTargetPlatform
[2018.12.12-23.17.25:634][  0]LogTemp: Display: Loaded TP LinuxServerTargetPlatform
[2018.12.12-23.17.25:674][  0]LogTemp: Display: Loaded TP LinuxTargetPlatform
[2018.12.12-23.17.25:702][  0]LogTemp: Display: Loaded TP LuminTargetPlatform
[2018.12.12-23.17.25:702][  0]LogTargetPlatformManager: Display: Building Assets For Windows
[2018.12.12-23.17.27:070][  0]LogXGEController: Cleaning working directory: C:/Users/James/AppData/Local/Temp/UnrealXGEWorkingDir/
[2018.12.12-23.17.27:071][  0]LogXGEController: Cannot use XGE Controller as Incredibuild is not installed on this machine.
[2018.12.12-23.17.27:071][  0]LogShaderCompilers: Cannot use XGE Shader Compiler as Incredibuild is not installed on this machine.
[2018.12.12-23.17.27:071][  0]LogShaderCompilers: Display: Using Local Shader Compiler.
[2018.12.12-23.17.33:466][  0]LogDerivedDataCache: Display: Max Cache Size: 512 MB
[2018.12.12-23.17.34:047][  0]LogDerivedDataCache: Loaded boot cache 0.56s 71MB C:/Users/James/AppData/Local/UnrealEngine/4.20/DerivedDataCache/Boot.ddc.
[2018.12.12-23.17.34:047][  0]LogDerivedDataCache: Display: Loaded Boot cache: C:/Users/James/AppData/Local/UnrealEngine/4.20/DerivedDataCache/Boot.ddc
[2018.12.12-23.17.34:047][  0]LogDerivedDataCache: FDerivedDataBackendGraph:  Pak pak cache file ../../../../../../Users/James/Documents/Unreal Projects/GTRP/DerivedDataCache/DDC.ddp not found, will not use a pak cache.
[2018.12.12-23.17.34:047][  0]LogDerivedDataCache: Unable to find inner node Pak for hierarchical cache Hierarchy.
[2018.12.12-23.17.34:047][  0]LogDerivedDataCache: FDerivedDataBackendGraph:  CompressedPak pak cache file ../../../../../../Users/James/Documents/Unreal Projects/GTRP/DerivedDataCache/Compressed.ddp not found, will not use a pak cache.
[2018.12.12-23.17.34:047][  0]LogDerivedDataCache: Unable to find inner node CompressedPak for hierarchical cache Hierarchy.
[2018.12.12-23.17.34:135][  0]LogDerivedDataCache: Display: Pak cache opened for reading ../../../Engine/DerivedDataCache/Compressed.ddp.
[2018.12.12-23.17.34:177][  0]LogDerivedDataCache: Using Local data cache path C:/Users/James/AppData/Local/UnrealEngine/Common/DerivedDataCache: Writable
[2018.12.12-23.17.34:177][  0]LogDerivedDataCache: Shared data cache path not found in *engine.ini, will not use an Shared cache.
[2018.12.12-23.17.34:177][  0]LogDerivedDataCache: Unable to find inner node Shared for hierarchical cache Hierarchy.
[2018.12.12-23.17.34:381][  0]LogMaterial: Verifying Global Shaders for PCD3D_SM5
[2018.12.12-23.17.34:468][  0]LogSlate: Using FreeType 2.6.0
[2018.12.12-23.17.34:596][  0]LogSlate: SlateFontServices - WITH_FREETYPE: 1, WITH_HARFBUZZ: 1
[2018.12.12-23.17.37:340][  0]LogAssetRegistry: FAssetRegistry took 0.0300 seconds to start up
[2018.12.12-23.17.47:681][  0]LogInit: Selected Device Profile: [Windows]
[2018.12.12-23.17.53:188][  0]LogSimplygon: Simplygon DLL not present - disabling.
[2018.12.12-23.17.53:566][  0]LogMeshReduction: Using SimplygonSwarm for distributed automatic mesh merging
[2018.12.12-23.17.53:566][  0]LogMeshReduction: Using ProxyLODMeshReduction for automatic mesh merging
[2018.12.12-23.17.53:580][  0]LogMeshReduction: Using QuadricMeshReduction for automatic static mesh reduction
[2018.12.12-23.17.53:580][  0]LogMeshReduction: No automatic skeletal mesh reduction module available
[2018.12.12-23.17.55:650][  0]LogNetVersion: GTRP 1.0.0, NetCL: 4212847, EngineNetVer: 5, GameNetVer: 0 (Checksum: 3875077618)
[2018.12.12-23.18.08:817][  0]LogPackageLocalizationCache: Processed 11 localized package path(s) for 2 prioritized culture(s) in 0.377511 seconds
[2018.12.12-23.18.08:857][  0]LogUObjectArray: 38434 objects as part of root set at end of initial load.
[2018.12.12-23.18.08:857][  0]LogUObjectAllocator: 6701136 out of 0 bytes used by permanent object pool.
[2018.12.12-23.18.08:857][  0]LogUObjectArray: CloseDisregardForGC: 0/0 objects in disregard for GC pool
[2018.12.12-23.18.50:102][  0]LogTcpMessaging: Initializing TcpMessaging bridge
[2018.12.12-23.18.50:344][  0]LogUdpMessaging: Initializing bridge on interface 0.0.0.0:0 to multicast group 230.0.0.1:6666.
[2018.12.12-23.18.53:820][  0]SourceControl: Source control is disabled
[2018.12.12-23.18.53:822][  0]SourceControl: Source control is disabled
[2018.12.12-23.18.53:895][  0]SourceControl: Source control is disabled
[2018.12.12-23.18.53:907][  0]SourceControl: Source control is disabled
[2018.12.12-23.18.55:438][  0]LogAndroidPermission: UAndroidPermissionCallbackProxy::GetInstance
[2018.12.12-23.18.55:724][  0]LogOcInput: OculusInput pre-init called
[2018.12.12-23.18.56:535][  0]LogEngine: Initializing Engine...
[2018.12.12-23.18.56:639][  0]LogHMD: Oculus plugin initialized. Version: 4.20.3-4369336+++UE4+Release-4.20, OVRPlugin: 1.25.0
[2018.12.12-23.18.56:648][  0]LogStats: UGameplayTagsManager::ConstructGameplayTagTree: ImportINI prefixes -  0.000 s
[2018.12.12-23.18.56:648][  0]LogStats: UGameplayTagsManager::ConstructGameplayTagTree: Construct from data asset -  0.000 s
[2018.12.12-23.18.56:648][  0]LogStats: UGameplayTagsManager::ConstructGameplayTagTree: ImportINI -  0.000 s
[2018.12.12-23.18.56:660][  0]LogStats: UGameplayTagsManager::ConstructGameplayTagTree: GameplayTagTreeChangedEvent.Broadcast -  0.012 s
[2018.12.12-23.18.58:223][  0]LogInit: Initializing FReadOnlyCVARCache
[2018.12.12-23.18.58:561][  0]LogAIModule: Creating AISystem for world Untitled
[2018.12.12-23.18.58:775][  0]LogInit: XAudio2 using 'Speakers (Realtek High Definition Audio)' : 2 channels at 48 kHz using 32 bits per sample (channel mask 0x3)
[2018.12.12-23.18.58:829][  0]LogInit: FAudioDevice initialized.
[2018.12.12-23.18.58:829][  0]LogNetVersion: Set ProjectVersion to 1.0.0.0. Version Checksum will be recalculated on next use.
[2018.12.12-23.18.59:856][  0]LogDerivedDataCache: Saved boot cache 1.03s 71MB C:/Users/James/AppData/Local/UnrealEngine/4.20/DerivedDataCache/Boot.ddc.
[2018.12.12-23.19.00:071][  0]LogInit: Texture streaming: Enabled
[2018.12.12-23.19.00:226][  0]LogEngineSessionManager: EngineSessionManager initialized
[2018.12.12-23.19.00:476][  0]LogInit: Transaction tracking system initialized
[2018.12.12-23.19.00:760][  0]BlueprintLog: New page: Editor Load
[2018.12.12-23.19.01:545][  0]LocalizationService: Localization service is disabled
[2018.12.12-23.19.09:598][  0]LogCook: Display: Max memory allowance for cook 16384mb min free memory 0mb
[2018.12.12-23.19.09:599][  0]LogCook: Display: Mobile HDR setting 1
[2018.12.12-23.19.09:604][  0]LogGameplayTags: Display: UGameplayTagsManager::DoneAddingNativeTags. DelegateIsBound: 0
[2018.12.12-23.19.09:604][  0]LogStats: UGameplayTagsManager::ConstructGameplayTagTree: ImportINI prefixes -  0.000 s
[2018.12.12-23.19.09:604][  0]LogStats: UGameplayTagsManager::ConstructGameplayTagTree: Construct from data asset -  0.000 s
[2018.12.12-23.19.09:604][  0]LogStats: UGameplayTagsManager::ConstructGameplayTagTree: ImportINI -  0.000 s
[2018.12.12-23.19.09:604][  0]LogStats: UGameplayTagsManager::ConstructGameplayTagTree: GameplayTagTreeChangedEvent.Broadcast -  0.000 s
[2018.12.12-23.19.11:518][  0]LogFileCache: Scanning file cache for directory 'C:/Users/James/Documents/Unreal Projects/GTRP/Content/' took 1.08s
[2018.12.12-23.19.16:295][  0]SourceControl: Source control is disabled
[2018.12.12-23.19.16:318][  0]Cmd: MAP LOAD FILE="../../../../../../Users/James/Documents/Unreal Projects/GTRP/Content/Maps/House.umap" TEMPLATE=0 SHOWPROGRESS=1 FEATURELEVEL=3
[2018.12.12-23.19.16:372][  0]LightingResults: New page: Lighting Build
[2018.12.12-23.19.16:563][  0]MapCheck: New page: Map Check
[2018.12.12-23.19.16:563][  0]LightingResults: New page: Lighting Build
[2018.12.12-23.19.17:967][  0]LogProperty: Error: UStructProperty::Serialize Loading: Property 'StructProperty /Game/CharacterBP/Blueprints/GTController.GTController_C:SpawnCharacter.CharacterData'. Unknown structure.
[2018.12.12-23.19.17:968][  0]LogProperty: Error: UStructProperty::Serialize Loading: Property 'StructProperty /Game/CharacterBP/Blueprints/GTController.GTController_C:ExecuteUbergraph_GTController.K2Node_CustomEvent_CharacterData'. Unknown structure.
[2018.12.12-23.19.18:009][  0]LogLinker: Can't find file '/Game/Characters/Sprites/Heads/Head1'
[2018.12.12-23.19.18:009][  0]LogLinker: Can't find file '/Game/Characters/Sprites/Heads/Head1'
[2018.12.12-23.19.18:009][  0]LogLinker: Can't find file '/Game/Characters/Sprites/Extras/Neck1'
[2018.12.12-23.19.18:010][  0]LogLinker: Can't find file '/Game/Characters/Sprites/Extras/Neck1'
[2018.12.12-23.19.18:010][  0]LogLinker: Can't find file '/Game/Characters/Sprites/Torso_Upper/UpperTorso1'
[2018.12.12-23.19.18:010][  0]LogLinker: Can't find file '/Game/Characters/Sprites/Torso_Upper/UpperTorso1'
[2018.12.12-23.19.18:011][  0]LogLinker: Can't find file '/Game/Characters/Sprites/Torso_Lower/LowerTorso1'
[2018.12.12-23.19.18:011][  0]LogLinker: Can't find file '/Game/Characters/Sprites/Torso_Lower/LowerTorso1'
[2018.12.12-23.19.18:011][  0]LogLinker: Can't find file '/Game/Characters/Sprites/Eyes/Eye1'
[2018.12.12-23.19.18:011][  0]LogLinker: Can't find file '/Game/Characters/Sprites/Eyes/Eye1'
[2018.12.12-23.19.18:012][  0]LogLinker: Can't find file '/Game/Characters/Sprites/Arms/UpperArm1'
[2018.12.12-23.19.18:012][  0]LogLinker: Can't find file '/Game/Characters/Sprites/Arms/UpperArm1'
[2018.12.12-23.19.18:012][  0]LogLinker: Can't find file '/Game/Characters/Sprites/Arms/LowerArm1'
[2018.12.12-23.19.18:013][  0]LogLinker: Can't find file '/Game/Characters/Sprites/Arms/LowerArm1'
[2018.12.12-23.19.18:013][  0]LogLinker: Can't find file '/Game/Characters/Sprites/Legs/UpperLeg1'
[2018.12.12-23.19.18:013][  0]LogLinker: Can't find file '/Game/Characters/Sprites/Legs/UpperLeg1'
[2018.12.12-23.19.18:013][  0]LogLinker: Can't find file '/Game/Characters/Sprites/Legs/LowerLeg1'
[2018.12.12-23.19.18:014][  0]LogLinker: Can't find file '/Game/Characters/Sprites/Legs/LowerLeg1'
[2018.12.12-23.19.18:014][  0]LogLinker: Can't find file '/Game/Characters/Sprites/Hands/FrontResting1'
[2018.12.12-23.19.18:014][  0]LogLinker: Can't find file '/Game/Characters/Sprites/Hands/FrontResting1'
[2018.12.12-23.19.18:014][  0]LogLinker: Can't find file '/Game/Characters/Sprites/Hands/BackResting1'
[2018.12.12-23.19.18:015][  0]LogLinker: Can't find file '/Game/Characters/Sprites/Hands/BackResting1'
[2018.12.12-23.19.18:015][  0]LogLinker: Can't find file '/Game/Characters/Sprites/Feet/FrontFoot1'
[2018.12.12-23.19.18:015][  0]LogLinker: Can't find file '/Game/Characters/Sprites/Feet/FrontFoot1'
[2018.12.12-23.19.18:015][  0]LogLinker: Can't find file '/Game/Characters/Sprites/Feet/BackFoot1'
[2018.12.12-23.19.18:015][  0]LogLinker: Can't find file '/Game/Characters/Sprites/Feet/BackFoot1'
[2018.12.12-23.19.18:331][  0]LogProperty: Error: UStructProperty::Serialize Loading: Property 'StructProperty /Game/GameData/SaveData/CharacterData.CharacterData_C:SavedCharacters.SavedCharacters'. Unknown structure.
[2018.12.12-23.19.20:268][  0]LogProperty: Error: UStructProperty::Serialize Loading: Property 'StructProperty /Game/UI/Menu/Menu.Menu_C:PopulateCharacterList.CallFunc_Array_Get_Item'. Unknown structure.
[2018.12.12-23.19.23:091][  0]LogClass: Warning: Property SavedCharacters of SavedCharacters has a struct type mismatch (tag FallbackStruct != prop CharacterStruct) in package:  FObjectReader. If that struct got renamed, add an entry to ActiveStructRedirects.
[2018.12.12-23.19.53:622][  0]LogAIModule: Creating AISystem for world House
[2018.12.12-23.19.54:390][  0]LogEditorServer: Finished looking for orphan Actors (0.000 secs)
[2018.12.12-23.19.54:654][  0]Cmd: MAP CHECKDEP NOCLEARLOG
[2018.12.12-23.19.54:739][  0]MapCheck: Map check complete: 0 Error(s), 0 Warning(s), took 84.816ms to complete.
[2018.12.12-23.19.54:739][  0]LogFileHelpers: Loading map 'House' took 38.437
[2018.12.12-23.19.56:182][  0]LogSlate: Updating window title bar state: overlay mode, drag disabled, window buttons hidden, title bar hidden
[2018.12.12-23.19.56:190][  0]LogSlate: Updating window title bar state: overlay mode, drag disabled, window buttons hidden, title bar hidden
[2018.12.12-23.19.56:197][  0]LogSlate: Updating window title bar state: overlay mode, drag disabled, window buttons hidden, title bar hidden
[2018.12.12-23.19.56:204][  0]LogSlate: Updating window title bar state: overlay mode, drag disabled, window buttons hidden, title bar hidden
[2018.12.12-23.19.56:478][  0]LogCollectionManager: Loaded 0 collections in 0.001821 seconds
[2018.12.12-23.19.56:628][  0]LogFileCache: Scanning file cache for directory 'C:/Users/James/Documents/Unreal Projects/GTRP/Saved/Collections/' took 0.01s
[2018.12.12-23.19.56:628][  0]LogFileCache: Scanning file cache for directory 'C:/Users/James/Documents/Unreal Projects/GTRP/Content/Developers/James/Collections/' took 0.01s
[2018.12.12-23.19.56:628][  0]LogFileCache: Scanning file cache for directory 'C:/Users/James/Documents/Unreal Projects/GTRP/Content/Collections/' took 0.01s
[2018.12.12-23.19.56:628][  0]LogCollectionManager: Rebuilt the GUID cache for 0 collections in 0.000000 seconds
[2018.12.12-23.19.56:644][  0]LogContentBrowser: Native class hierarchy populated in 0.0122 seconds. Added 2613 classes and 621 folders.
[2018.12.12-23.19.56:717][  0]LogContentBrowser: Native class hierarchy updated for 'WidgetCarousel' in 0.0003 seconds. Added 0 classes and 0 folders.
[2018.12.12-23.19.59:092][  0]LogContentBrowser: Native class hierarchy updated for 'AddContentDialog' in 0.0002 seconds. Added 0 classes and 0 folders.
[2018.12.12-23.19.59:178][  0]LogContentBrowser: Native class hierarchy updated for 'WorldBrowser' in 0.0003 seconds. Added 2 classes and 3 folders.
[2018.12.12-23.19.59:298][  0]LogContentBrowser: Native class hierarchy updated for 'SceneOutliner' in 0.0003 seconds. Added 1 classes and 2 folders.
[2018.12.12-23.20.00:290][  0]LogSlate: Took 0.016934 seconds to synchronously load lazily loaded font '../../../Engine/Content/Slate/Fonts/Roboto-Regular.ttf' (155K)
[2018.12.12-23.20.00:333][  0]LogSlate: Took 0.022483 seconds to synchronously load lazily loaded font '../../../Engine/Content/Slate/Fonts/Roboto-Bold.ttf' (160K)
[2018.12.12-23.20.00:421][  0]LogSlate: Took 0.020540 seconds to synchronously load lazily loaded font '../../../Engine/Content/Editor/Slate/Fonts/FontAwesome.ttf' (139K)
[2018.12.12-23.20.01:087][  0]LogRenderer: Reallocating scene render targets to support 1028x580 Format 10 NumSamples 1 (Frame:1).
[2018.12.12-23.20.02:235][  0]LogContentBrowser: Native class hierarchy updated for 'HierarchicalLODOutliner' in 0.0003 seconds. Added 0 classes and 0 folders.
[2018.12.12-23.20.02:235][  0]LogLoad: (Engine Initialization) Total time: 211.75 seconds
[2018.12.12-23.20.02:235][  0]LogLoad: (Engine Initialization) Total Blueprint compile time: 0.00 seconds
[2018.12.12-23.20.02:263][  0]LogOcInput: OculusInput is initialized
[2018.12.12-23.20.02:449][  0]LogContentStreaming: Texture pool size now 1000 MB
[2018.12.12-23.20.02:654][  0]LogSlate: Took 0.080192 seconds to synchronously load lazily loaded font '../../../Engine/Content/Slate/Fonts/Roboto-Light.ttf' (167K)
[2018.12.12-23.20.02:830][  1]LogAssetRegistry: Asset discovery search completed in 145.5141 seconds
[2018.12.12-23.20.02:852][  1]LogCollectionManager: Rebuilt the object cache for 0 collections in 0.000000 seconds (found 0 objects)
[2018.12.12-23.20.02:852][  1]LogCollectionManager: Fixed up redirectors for 0 collections in 0.000085 seconds (updated 0 objects)
[2018.12.12-23.32.36:323][803]LogSlate: FSceneViewport::OnFocusLost() reason 0
[2018.12.12-23.32.37:032][803]LogSlate: Window 'GTRP - Unreal Editor' being destroyed
[2018.12.12-23.32.38:006][804]Cmd: QUIT_EDITOR
[2018.12.12-23.32.58:608][804]LogWindowsTextInputMethodSystem: Display: IME system now deactivated.
[2018.12.12-23.32.58:695][804]LogExit: Preparing to exit.
[2018.12.12-23.33.00:994][804]LogExit: Editor shut down
[2018.12.12-23.33.00:994][804]LogExit: Transaction tracking system shut down
[2018.12.12-23.33.07:191][804]LogExit: Object subsystem successfully closed.
[2018.12.12-23.33.07:657][804]LogShaderCompilers: Display: Shaders left to compile 0
[2018.12.12-23.33.07:784][804]LogD3D11RHI: Shutdown
[2018.12.12-23.33.07:784][804]LogD3D11RHI: CleanupD3DDevice
[2018.12.12-23.33.07:786][804]LogD3D11RHI: ~FD3D11DynamicRHI
[2018.12.12-23.33.09:476][804]LogModuleManager: Shutting down and abandoning module HierarchicalLODOutliner (624)
[2018.12.12-23.33.09:476][804]LogModuleManager: Shutting down and abandoning module SceneOutliner (622)
[2018.12.12-23.33.09:476][804]LogModuleManager: Shutting down and abandoning module WorldBrowser (620)
[2018.12.12-23.33.09:476][804]LogModuleManager: Shutting down and abandoning module AddContentDialog (618)
[2018.12.12-23.33.09:477][804]LogModuleManager: Shutting down and abandoning module WidgetCarousel (617)
[2018.12.12-23.33.09:477][804]LogModuleManager: Shutting down and abandoning module EditorWidgets (614)
[2018.12.12-23.33.09:477][804]LogModuleManager: Shutting down and abandoning module CollectionManager (612)
[2018.12.12-23.33.09:485][804]LogModuleManager: Shutting down and abandoning module StatsViewer (610)
[2018.12.12-23.33.09:485][804]LogModuleManager: Shutting down and abandoning module FoliageEdit (608)
[2018.12.12-23.33.09:485][804]LogModuleManager: Shutting down and abandoning module LandscapeEditor (606)
[2018.12.12-23.33.09:528][804]LogModuleManager: Shutting down and abandoning module MeshPaintMode (604)
[2018.12.12-23.33.09:528][804]LogModuleManager: Shutting down and abandoning module SceneDepthPickerMode (602)
[2018.12.12-23.33.09:528][804]LogModuleManager: Shutting down and abandoning module ActorPickerMode (600)
[2018.12.12-23.33.09:528][804]LogModuleManager: Shutting down and abandoning module GeometryMode (598)
[2018.12.12-23.33.09:528][804]LogModuleManager: Shutting down and abandoning module TextureAlignMode (596)
[2018.12.12-23.33.09:528][804]LogModuleManager: Shutting down and abandoning module BspMode (594)
[2018.12.12-23.33.09:528][804]LogModuleManager: Shutting down and abandoning module PIEPreviewDeviceProfileSelector (592)
[2018.12.12-23.33.09:528][804]LogModuleManager: Shutting down and abandoning module SequenceRecorderSections (590)
[2018.12.12-23.33.09:528][804]LogModuleManager: Shutting down and abandoning module AutomationWorker (588)
[2018.12.12-23.33.09:528][804]LogModuleManager: Shutting down and abandoning module AudioCaptureEditor (586)
[2018.12.12-23.33.09:528][804]LogModuleManager: Shutting down and abandoning module SequenceRecorder (585)
[2018.12.12-23.33.09:528][804]LogModuleManager: Shutting down and abandoning module MatineeToLevelSequence (582)
[2018.12.12-23.33.09:528][804]LogModuleManager: Shutting down and abandoning module LevelSequenceEditor (580)
[2018.12.12-23.33.09:570][804]LogModuleManager: Shutting down and abandoning module PlacementMode (579)
[2018.12.12-23.33.09:571][804]LogModuleManager: Shutting down and abandoning module MaterialEditor (578)
[2018.12.12-23.33.09:648][804]LogModuleManager: Shutting down and abandoning module WmfMediaFactory (574)
[2018.12.12-23.33.09:648][804]LogModuleManager: Shutting down and abandoning module WmfMediaEditor (572)
[2018.12.12-23.33.09:648][804]LogModuleManager: Shutting down and abandoning module MediaPlayerEditor (570)
[2018.12.12-23.33.09:648][804]LogModuleManager: Shutting down and abandoning module OpenExrWrapper (568)
[2018.12.12-23.33.09:648][804]LogModuleManager: Shutting down and abandoning module ImgMediaFactory (566)
[2018.12.12-23.33.09:648][804]LogModuleManager: Shutting down and abandoning module ImgMediaEditor (564)
[2018.12.12-23.33.09:648][804]LogModuleManager: Shutting down and abandoning module AvfMediaFactory (562)
[2018.12.12-23.33.09:648][804]LogModuleManager: Shutting down and abandoning module AvfMediaEditor (560)
[2018.12.12-23.33.09:648][804]LogModuleManager: Shutting down and abandoning module AndroidMediaFactory (558)
[2018.12.12-23.33.09:648][804]LogModuleManager: Shutting down and abandoning module AndroidMediaEditor (556)
[2018.12.12-23.33.09:648][804]LogModuleManager: Shutting down and abandoning module MagicLeapCameraPreviewFactory (554)
[2018.12.12-23.33.09:648][804]LogModuleManager: Shutting down and abandoning module MagicLeapMediaFactory (552)
[2018.12.12-23.33.09:648][804]LogModuleManager: Shutting down and abandoning module MagicLeapMediaEditor (550)
[2018.12.12-23.33.09:648][804]LogModuleManager: Shutting down and abandoning module CharacterAI (548)
[2018.12.12-23.33.09:648][804]LogModuleManager: Shutting down and abandoning module SmartSnapping (546)
[2018.12.12-23.33.09:648][804]LogModuleManager: Shutting down and abandoning module SessionServices (544)
[2018.12.12-23.33.09:648][804]LogModuleManager: Shutting down and abandoning module ViewportSnapping (542)
[2018.12.12-23.33.09:648][804]LogModuleManager: Shutting down and abandoning module ViewportInteraction (540)
[2018.12.12-23.33.09:691][804]LogModuleManager: Shutting down and abandoning module ClothPainter (538)
[2018.12.12-23.33.09:736][804]LogModuleManager: Shutting down and abandoning module SkeletalMeshEditor (537)
[2018.12.12-23.33.09:780][804]LogModuleManager: Shutting down and abandoning module LogVisualizer (534)
[2018.12.12-23.33.09:790][804]LogModuleManager: Shutting down and abandoning module IntroTutorials (532)
[2018.12.12-23.33.09:790][804]LogModuleManager: Shutting down and abandoning module GameProjectGeneration (531)
[2018.12.12-23.33.09:796][804]LogModuleManager: Shutting down and abandoning module LuminPlatformEditor (528)
[2018.12.12-23.33.09:796][804]LogModuleManager: Shutting down and abandoning module IOSPlatformEditor (526)
[2018.12.12-23.33.09:796][804]LogModuleManager: Shutting down and abandoning module HTML5PlatformEditor (524)
[2018.12.12-23.33.09:796][804]LogModuleManager: Shutting down and abandoning module AndroidPlatformEditor (522)
[2018.12.12-23.33.09:796][804]LogModuleManager: Shutting down and abandoning module AndroidDeviceDetection (521)
[2018.12.12-23.33.09:971][804]LogModuleManager: Shutting down and abandoning module WindowsPlatformEditor (518)
[2018.12.12-23.33.09:971][804]LogModuleManager: Shutting down and abandoning module LuminRuntimeSettings (516)
[2018.12.12-23.33.09:971][804]LogModuleManager: Shutting down and abandoning module IOSRuntimeSettings (514)
[2018.12.12-23.33.09:971][804]LogModuleManager: Shutting down and abandoning module AndroidRuntimeSettings (512)
[2018.12.12-23.33.09:971][804]LogModuleManager: Shutting down and abandoning module InputBindingEditor (510)
[2018.12.12-23.33.10:072][804]LogModuleManager: Shutting down and abandoning module MergeActors (508)
[2018.12.12-23.33.10:072][804]LogModuleManager: Shutting down and abandoning module LocalizationDashboard (506)
[2018.12.12-23.33.10:109][804]LogModuleManager: Shutting down and abandoning module LocalizationService (505)
[2018.12.12-23.33.10:109][804]LogModuleManager: Shutting down and abandoning module HardwareTargeting (502)
[2018.12.12-23.33.10:109][804]LogModuleManager: Shutting down and abandoning module DeviceProfileEditor (500)
[2018.12.12-23.33.10:109][804]LogModuleManager: Shutting down and abandoning module UndoHistory (498)
[2018.12.12-23.33.10:109][804]LogModuleManager: Shutting down and abandoning module XmlParser (496)
[2018.12.12-23.33.10:110][804]LogModuleManager: Shutting down and abandoning module Blutility (494)
[2018.12.12-23.33.10:110][804]LogModuleManager: Shutting down and abandoning module ProjectSettingsViewer (492)
[2018.12.12-23.33.10:110][804]LogModuleManager: Shutting down and abandoning module ProjectTargetPlatformEditor (491)
[2018.12.12-23.33.10:110][804]LogModuleManager: Shutting down and abandoning module EditorSettingsViewer (488)
[2018.12.12-23.33.10:110][804]LogModuleManager: Shutting down and abandoning module SettingsEditor (486)
[2018.12.12-23.33.10:110][804]LogModuleManager: Shutting down and abandoning module ProjectLauncher (484)
[2018.12.12-23.33.10:185][804]LogModuleManager: Shutting down and abandoning module SessionFrontend (482)
[2018.12.12-23.33.10:185][804]LogModuleManager: Shutting down and abandoning module ProfilerClient (480)
[2018.12.12-23.33.10:196][804]LogModuleManager: Shutting down and abandoning module DeviceManager (478)
[2018.12.12-23.33.10:196][804]LogModuleManager: Shutting down and abandoning module TargetDeviceServices (477)
[2018.12.12-23.33.10:251][804]LogModuleManager: Shutting down and abandoning module AutomationController (474)
[2018.12.12-23.33.10:251][804]LogModuleManager: Shutting down and abandoning module AutomationWindow (472)
[2018.12.12-23.33.10:433][804]LogModuleManager: Shutting down and abandoning module Layers (470)
[2018.12.12-23.33.10:901][804]LogModuleManager: Shutting down and abandoning module ComponentVisualizers (468)
[2018.12.12-23.33.10:902][804]LogModuleManager: Shutting down and abandoning module DetailCustomizations (466)
[2018.12.12-23.33.10:902][804]LogModuleManager: Shutting down and abandoning module PackagesDialog (464)
[2018.12.12-23.33.11:005][804]LogModuleManager: Shutting down and abandoning module Persona (462)
[2018.12.12-23.33.11:116][804]LogModuleManager: Shutting down and abandoning module AdvancedPreviewScene (461)
[2018.12.12-23.33.11:117][804]LogModuleManager: Shutting down and abandoning module AnimGraph (459)
[2018.12.12-23.33.11:117][804]LogModuleManager: Shutting down and abandoning module Kismet (456)
[2018.12.12-23.33.11:118][804]LogModuleManager: Shutting down and abandoning module GraphEditor (454)
[2018.12.12-23.33.11:147][804]LogModuleManager: Shutting down and abandoning module ClassViewer (452)
[2018.12.12-23.33.11:147][804]LogModuleManager: Shutting down and abandoning module Toolbox (450)
[2018.12.12-23.33.11:147][804]LogModuleManager: Shutting down and abandoning module ModuleUI (448)
[2018.12.12-23.33.11:193][804]LogModuleManager: Shutting down and abandoning module MovieSceneTools (446)
[2018.12.12-23.33.11:193][804]LogModuleManager: Shutting down and abandoning module OutputLog (444)
[2018.12.12-23.33.11:193][804]LogModuleManager: Shutting down and abandoning module GammaUI (442)
[2018.12.12-23.33.11:241][804]LogModuleManager: Shutting down and abandoning module Documentation (440)
[2018.12.12-23.33.11:241][804]LogModuleManager: Shutting down and abandoning module MovieSceneTracks (438)
[2018.12.12-23.33.11:242][804]LogModuleManager: Shutting down and abandoning module MovieScene (436)
[2018.12.12-23.33.11:242][804]LogModuleManager: Shutting down and abandoning module StreamingPauseRendering (434)
[2018.12.12-23.33.11:242][804]LogModuleManager: Shutting down and abandoning module LauncherPlatform (432)
[2018.12.12-23.33.11:242][804]LogModuleManager: Shutting down and abandoning module AnalyticsET (430)
[2018.12.12-23.33.11:242][804]LogModuleManager: Shutting down and abandoning module PortalServices (428)
[2018.12.12-23.33.11:242][804]LogModuleManager: Shutting down and abandoning module PortalRpc (426)
[2018.12.12-23.33.11:242][804]LogModuleManager: Shutting down and abandoning module MessagingRpc (424)
[2018.12.12-23.33.11:242][804]LogModuleManager: Shutting down and abandoning module AIModule (422)
[2018.12.12-23.33.11:242][804]LogModuleManager: Shutting down and abandoning module GameplayDebugger (421)
[2018.12.12-23.33.11:242][804]LogModuleManager: Shutting down and abandoning module AITestSuite (419)
[2018.12.12-23.33.11:242][804]LogModuleManager: Shutting down and abandoning module NavigationSystem (417)
[2018.12.12-23.33.11:242][804]LogModuleManager: Shutting down and abandoning module DesktopPlatform (414)
[2018.12.12-23.33.11:242][804]LogModuleManager: Shutting down and abandoning module ProfilerService (412)
[2018.12.12-23.33.11:371][804]LogModuleManager: Shutting down and abandoning module TaskGraph (410)
[2018.12.12-23.33.11:371][804]LogModuleManager: Shutting down and abandoning module SteamVRController (408)
[2018.12.12-23.33.11:371][804]LogModuleManager: Shutting down and abandoning module ProceduralMeshComponentEditor (406)
[2018.12.12-23.33.11:371][804]LogModuleManager: Shutting down and abandoning module ProceduralMeshComponent (404)
[2018.12.12-23.33.11:371][804]LogModuleManager: Shutting down and abandoning module OculusInput (402)
[2018.12.12-23.33.11:371][804]LogModuleManager: Shutting down and abandoning module MobilePatchingUtils (400)
[2018.12.12-23.33.11:371][804]LogModuleManager: Shutting down and abandoning module EditableMesh (398)
[2018.12.12-23.33.11:413][804]LogModuleManager: Shutting down and abandoning module CustomMeshComponent (396)
[2018.12.12-23.33.11:414][804]LogModuleManager: Shutting down and abandoning module CableComponent (394)
[2018.12.12-23.33.11:414][804]LogModuleManager: Shutting down and abandoning module AudioCapture (392)
[2018.12.12-23.33.11:414][804]LogModuleManager: Shutting down and abandoning module ArchVisCharacter (390)
[2018.12.12-23.33.11:414][804]LogModuleManager: Shutting down and abandoning module AndroidPermission (388)
[2018.12.12-23.33.11:414][804]LogModuleManager: Shutting down and abandoning module NUTUnrealEngine4 (386)
[2018.12.12-23.33.11:414][804]LogModuleManager: Shutting down and abandoning module NetcodeUnitTest (384)
[2018.12.12-23.33.11:420][804]LogModuleManager: Shutting down and abandoning module MediaCompositingEditor (382)
[2018.12.12-23.33.11:420][804]LogModuleManager: Shutting down and abandoning module MediaCompositing (380)
[2018.12.12-23.33.11:420][804]LogModuleManager: Shutting down and abandoning module LinearTimecode (378)
[2018.12.12-23.33.11:420][804]LogModuleManager: Shutting down and abandoning module ImgMedia (376)
[2018.12.12-23.33.11:433][804]LogModuleManager: Shutting down and abandoning module HTML5Networking (374)
[2018.12.12-23.33.11:433][804]LogModuleManager: Shutting down and abandoning module GeometryCacheTracks (372)
[2018.12.12-23.33.11:433][804]LogModuleManager: Shutting down and abandoning module GeometryCacheSequencer (370)
[2018.12.12-23.33.11:433][804]LogModuleManager: Shutting down and abandoning module BackChannel (368)
[2018.12.12-23.33.11:433][804]LogModuleManager: Shutting down and abandoning module AppleVision (366)
[2018.12.12-23.33.11:433][804]LogModuleManager: Shutting down and abandoning module AppleImageUtils (364)
[2018.12.12-23.33.11:433][804]LogModuleManager: Shutting down and abandoning module AlembicImporter (362)
[2018.12.12-23.33.11:433][804]LogModuleManager: Shutting down and abandoning module AlembicLibrary (361)
[2018.12.12-23.33.11:433][804]LogModuleManager: Shutting down and abandoning module GeometryCache (360)
[2018.12.12-23.33.11:434][804]LogModuleManager: Shutting down and abandoning module GeometryCacheEd (359)
[2018.12.12-23.33.11:434][804]LogModuleManager: Shutting down and abandoning module DatasmithContentEditor (354)
[2018.12.12-23.33.11:434][804]LogModuleManager: Shutting down and abandoning module DatasmithContent (352)
[2018.12.12-23.33.11:434][804]LogModuleManager: Shutting down and abandoning module SpeedTreeImporter (350)
[2018.12.12-23.33.11:434][804]LogModuleManager: Shutting down and abandoning module PluginBrowser (348)
[2018.12.12-23.33.11:439][804]LogModuleManager: Shutting down and abandoning module MobileLauncherProfileWizard (346)
[2018.12.12-23.33.11:445][804]LogModuleManager: Shutting down and abandoning module PolygonModeling (344)
[2018.12.12-23.33.11:445][804]LogModuleManager: Shutting down and abandoning module MeshEditor (342)
[2018.12.12-23.33.11:445][804]LogModuleManager: Shutting down and abandoning module CryptoKeysOpenSSL (340)
[2018.12.12-23.33.11:445][804]LogModuleManager: Shutting down and abandoning module CryptoKeys (338)
[2018.12.12-23.33.11:445][804]LogModuleManager: Shutting down and abandoning module VisualStudioSourceCodeAccess (336)
[2018.12.12-23.33.11:445][804]LogModuleManager: Shutting down and abandoning module VisualStudioCodeSourceCodeAccess (334)
[2018.12.12-23.33.11:445][804]LogModuleManager: Shutting down and abandoning module UObjectPlugin (332)
[2018.12.12-23.33.11:445][804]LogModuleManager: Shutting down and abandoning module SubversionSourceControl (330)
[2018.12.12-23.33.11:445][804]LogModuleManager: Shutting down and abandoning module PerforceSourceControl (328)
[2018.12.12-23.33.11:454][804]LogModuleManager: Shutting down and abandoning module GitSourceControl (326)
[2018.12.12-23.33.11:454][804]LogModuleManager: Shutting down and abandoning module SourceControl (325)
[2018.12.12-23.33.11:454][804]LogModuleManager: Shutting down and abandoning module CLionSourceCodeAccess (322)
[2018.12.12-23.33.11:454][804]LogModuleManager: Shutting down and abandoning module LightPropagationVolumeEditor (320)
[2018.12.12-23.33.11:454][804]LogModuleManager: Shutting down and abandoning module PaperTiledImporter (318)
[2018.12.12-23.33.11:454][804]LogModuleManager: Shutting down and abandoning module PaperSpriteSheetImporter (316)
[2018.12.12-23.33.11:454][804]LogModuleManager: Shutting down and abandoning module Paper2DEditor (314)
[2018.12.12-23.33.11:598][804]LogModuleManager: Shutting down and abandoning module MeshPaint (313)
[2018.12.12-23.33.11:599][804]LogModuleManager: Shutting down and abandoning module VictoryBPLibrary (310)
[2018.12.12-23.33.11:599][804]LogModuleManager: Shutting down and abandoning module AdvancedSteamSessions (308)
[2018.12.12-23.33.11:599][804]LogModuleManager: Shutting down and abandoning module AdvancedSessions (306)
[2018.12.12-23.33.11:599][804]LogModuleManager: Shutting down and abandoning module RuntimePhysXCooking (304)
[2018.12.12-23.33.11:599][804]LogModuleManager: Shutting down and abandoning module PhysXVehiclesEditor (302)
[2018.12.12-23.33.11:599][804]LogModuleManager: Shutting down and abandoning module PhysXVehicles (300)
[2018.12.12-23.33.11:599][804]LogModuleManager: Shutting down and abandoning module OculusEditor (298)
[2018.12.12-23.33.11:599][804]LogModuleManager: Shutting down and abandoning module LocationServicesBPLibrary (296)
[2018.12.12-23.33.11:599][804]LogModuleManager: Shutting down and abandoning module ImmediatePhysicsEditor (294)
[2018.12.12-23.33.11:599][804]LogModuleManager: Shutting down and abandoning module ImmediatePhysics (292)
[2018.12.12-23.33.11:599][804]LogModuleManager: Shutting down and abandoning module ApexDestructionEditor (290)
[2018.12.12-23.33.11:599][804]LogModuleManager: Shutting down and abandoning module ApexDestruction (288)
[2018.12.12-23.33.11:599][804]LogModuleManager: Shutting down and abandoning module ActorSequence (286)
[2018.12.12-23.33.11:599][804]LogModuleManager: Shutting down and abandoning module UdpMessaging (284)
[2018.12.12-23.33.11:700][804]LogModuleManager: Shutting down and abandoning module TcpMessaging (282)
[2018.12.12-23.33.11:801][804]LogModuleManager: Shutting down and abandoning module MagicLeapAudio (280)
[2018.12.12-23.33.11:801][804]LogModuleManager: Shutting down and abandoning module GameplayTagsEditor (278)
[2018.12.12-23.33.11:860][804]LogModuleManager: Shutting down and abandoning module FacialAnimationEditor (276)
[2018.12.12-23.33.11:860][804]LogModuleManager: Shutting down and abandoning module FacialAnimation (274)
[2018.12.12-23.33.11:860][804]LogModuleManager: Shutting down and abandoning module DataValidation (272)
[2018.12.12-23.33.11:860][804]LogModuleManager: Shutting down and abandoning module AssetManagerEditor (270)
[2018.12.12-23.33.11:873][804]LogModuleManager: Shutting down and abandoning module LevelEditor (269)
[2018.12.12-23.33.11:873][804]LogModuleManager: Shutting down and abandoning module PixelInspectorModule (268)
[2018.12.12-23.33.11:873][804]LogModuleManager: Shutting down and abandoning module CommonMenuExtensions (266)
[2018.12.12-23.33.11:873][804]LogModuleManager: Shutting down and abandoning module MainFrame (264)
[2018.12.12-23.33.11:874][804]LogModuleManager: Shutting down and abandoning module HotReload (263)
[2018.12.12-23.33.11:874][804]LogModuleManager: Shutting down and abandoning module ContentBrowser (259)
[2018.12.12-23.33.11:875][804]LogModuleManager: Shutting down and abandoning module TreeMap (257)
[2018.12.12-23.33.11:875][804]LogModuleManager: Shutting down and abandoning module LightPropagationVolumeRuntime (254)
[2018.12.12-23.33.11:875][804]LogModuleManager: Shutting down and abandoning module AISupportModule (252)
[2018.12.12-23.33.11:875][804]LogModuleManager: Shutting down and abandoning module Paper2D (250)
[2018.12.12-23.33.11:875][804]LogModuleManager: Shutting down and abandoning module WindowsMoviePlayer (248)
[2018.12.12-23.33.11:875][804]LogModuleManager: Shutting down and abandoning module WmfMedia (246)
[2018.12.12-23.33.11:910][804]LogModuleManager: Shutting down and abandoning module Media (245)
[2018.12.12-23.33.11:917][804]LogModuleManager: Shutting down and abandoning module PacketHandler (242)
[2018.12.12-23.33.11:917][804]LogModuleManager: Shutting down and abandoning module ClothingSystemEditor (240)
[2018.12.12-23.33.11:917][804]LogModuleManager: Shutting down and abandoning module ClothingSystemRuntime (238)
[2018.12.12-23.33.11:963][804]LogModuleManager: Shutting down and abandoning module MediaAssets (236)
[2018.12.12-23.33.11:963][804]LogModuleManager: Shutting down and abandoning module Overlay (234)
[2018.12.12-23.33.11:963][804]LogModuleManager: Shutting down and abandoning module OverlayEditor (233)
[2018.12.12-23.33.11:963][804]LogModuleManager: Shutting down and abandoning module VREditor (230)
[2018.12.12-23.33.11:967][804]LogModuleManager: Shutting down and abandoning module StringTableEditor (228)
[2018.12.12-23.33.11:977][804]LogModuleManager: Shutting down and abandoning module GameplayTasksEditor (226)
[2018.12.12-23.33.11:977][804]LogModuleManager: Shutting down and abandoning module BehaviorTreeEditor (224)
[2018.12.12-23.33.11:986][804]LogModuleManager: Shutting down and abandoning module FunctionalTesting (222)
[2018.12.12-23.33.11:986][804]LogModuleManager: Shutting down and abandoning module CollisionAnalyzer (220)
[2018.12.12-23.33.11:986][804]LogModuleManager: Shutting down and abandoning module WorkspaceMenuStructure (219)
[2018.12.12-23.33.11:986][804]LogModuleManager: Shutting down and abandoning module UMG (216)
[2018.12.12-23.33.12:025][804]LogModuleManager: Shutting down and abandoning module UMGEditor (215)
[2018.12.12-23.33.12:071][804]LogModuleManager: Shutting down and abandoning module Sequencer (214)
[2018.12.12-23.33.12:082][804]LogModuleManager: Shutting down and abandoning module MessageLog (211)
[2018.12.12-23.33.12:083][804]LogModuleManager: Shutting down and abandoning module SlateReflector (206)
[2018.12.12-23.33.12:092][804]LogModuleManager: Shutting down and abandoning module Slate (204)
[2018.12.12-23.33.12:092][804]LogModuleManager: Shutting down and abandoning module EditorStyle (202)
[2018.12.12-23.33.12:094][804]LogModuleManager: Shutting down and abandoning module MRMesh (200)
[2018.12.12-23.33.12:094][804]LogModuleManager: Shutting down and abandoning module SourceCodeAccess (198)
[2018.12.12-23.33.12:094][804]LogModuleManager: Shutting down and abandoning module HeadMountedDisplay (196)
[2018.12.12-23.33.12:094][804]LogModuleManager: Shutting down and abandoning module XAudio2 (194)
[2018.12.12-23.33.12:094][804]LogModuleManager: Shutting down and abandoning module Networking (192)
[2018.12.12-23.33.12:094][804]LogModuleManager: Shutting down and abandoning module Core (190)
[2018.12.12-23.33.12:094][804]LogModuleManager: Shutting down and abandoning module LevelSequence (188)
[2018.12.12-23.33.12:094][804]LogModuleManager: Shutting down and abandoning module KismetCompiler (186)
[2018.12.12-23.33.12:094][804]LogModuleManager: Shutting down and abandoning module MeshUtilities (184)
[2018.12.12-23.33.12:097][804]LogModuleManager: Shutting down and abandoning module MeshMergeUtilities (183)
[2018.12.12-23.33.12:097][804]LogModuleManager: Shutting down and abandoning module MeshReductionInterface (182)
[2018.12.12-23.33.12:097][804]LogModuleManager: Shutting down and abandoning module SimplygonSwarm (181)
[2018.12.12-23.33.12:101][804]LogModuleManager: Shutting down and abandoning module ProxyLODMeshReduction (179)
[2018.12.12-23.33.12:111][804]LogModuleManager: Shutting down and abandoning module SimplygonMeshReduction (177)
[2018.12.12-23.33.12:111][804]LogModuleManager: Shutting down and abandoning module QuadricMeshReduction (175)
[2018.12.12-23.33.12:143][804]LogModuleManager: Shutting down and abandoning module MaterialBaking (171)
[2018.12.12-23.33.12:143][804]LogModuleManager: Shutting down and abandoning module DirectoryWatcher (167)
[2018.12.12-23.33.12:143][804]LogModuleManager: Shutting down and abandoning module DerivedDataCache (164)
[2018.12.12-23.33.12:211][804]LogDerivedDataCache: Shutdown
[2018.12.12-23.33.12:211][804]LogModuleManager: Shutting down and abandoning module XGEController (162)
[2018.12.12-23.33.12:211][804]LogXGEController: Cleaning working directory: C:/Users/James/AppData/Local/Temp/UnrealXGEWorkingDir/
[2018.12.12-23.33.12:211][804]LogModuleManager: Shutting down and abandoning module TargetPlatform (160)
[2018.12.12-23.33.12:211][804]LogModuleManager: Shutting down and abandoning module VulkanShaderFormat (159)
[2018.12.12-23.33.12:211][804]LogModuleManager: Shutting down and abandoning module ShaderFormatVectorVM (157)
[2018.12.12-23.33.12:211][804]LogModuleManager: Shutting down and abandoning module ShaderFormatOpenGL (155)
[2018.12.12-23.33.12:303][804]LogModuleManager: Shutting down and abandoning module ShaderFormatD3D (153)
[2018.12.12-23.33.12:303][804]LogModuleManager: Shutting down and abandoning module MetalShaderFormat (151)
[2018.12.12-23.33.12:346][804]LogModuleManager: Shutting down and abandoning module TextureFormatUncompressed (149)
[2018.12.12-23.33.12:346][804]LogModuleManager: Shutting down and abandoning module TextureFormatPVR (147)
[2018.12.12-23.33.12:346][804]LogModuleManager: Shutting down and abandoning module TextureFormatDXT (145)
[2018.12.12-23.33.12:346][804]LogModuleManager: Shutting down and abandoning module TextureFormatIntelISPCTexComp (143)
[2018.12.12-23.33.12:346][804]LogModuleManager: Shutting down and abandoning module TextureFormatASTC (141)
[2018.12.12-23.33.12:346][804]LogModuleManager: Shutting down and abandoning module ImageWrapper (140)
[2018.12.12-23.33.12:346][804]LogModuleManager: Shutting down and abandoning module TextureFormatAndroid (137)
[2018.12.12-23.33.12:346][804]LogModuleManager: Shutting down and abandoning module AudioFormatOpus (135)
[2018.12.12-23.33.12:346][804]LogModuleManager: Shutting down and abandoning module AudioFormatOgg (133)
[2018.12.12-23.33.12:346][804]LogModuleManager: Shutting down and abandoning module AudioFormatADPCM (131)
[2018.12.12-23.33.12:346][804]LogModuleManager: Shutting down and abandoning module LuminTargetPlatform (129)
[2018.12.12-23.33.12:346][804]LogModuleManager: Shutting down and abandoning module LinuxTargetPlatform (127)
[2018.12.12-23.33.12:346][804]LogModuleManager: Shutting down and abandoning module LinuxServerTargetPlatform (125)
[2018.12.12-23.33.12:346][804]LogModuleManager: Shutting down and abandoning module LinuxNoEditorTargetPlatform (123)
[2018.12.12-23.33.12:346][804]LogModuleManager: Shutting down and abandoning module LinuxClientTargetPlatform (121)
[2018.12.12-23.33.12:346][804]LogModuleManager: Shutting down and abandoning module TVOSTargetPlatform (119)
[2018.12.12-23.33.12:347][804]LogModuleManager: Shutting down and abandoning module Messaging (117)
[2018.12.12-23.33.12:347][804]LogModuleManager: Shutting down and abandoning module IOSTargetPlatform (115)
[2018.12.12-23.33.12:348][804]LogModuleManager: Shutting down and abandoning module HTML5TargetPlatform (113)
[2018.12.12-23.33.12:348][804]LogModuleManager: Shutting down and abandoning module AndroidTargetPlatform (111)
[2018.12.12-23.33.12:353][804]LogModuleManager: Shutting down and abandoning module WindowsTargetPlatform (109)
[2018.12.12-23.33.12:353][804]LogModuleManager: Shutting down and abandoning module WindowsServerTargetPlatform (107)
[2018.12.12-23.33.12:353][804]LogModuleManager: Shutting down and abandoning module WindowsNoEditorTargetPlatform (105)
[2018.12.12-23.33.12:353][804]LogModuleManager: Shutting down and abandoning module WindowsClientTargetPlatform (103)
[2018.12.12-23.33.12:353][804]LogModuleManager: Shutting down and abandoning module MacTargetPlatform (101)
[2018.12.12-23.33.12:353][804]LogModuleManager: Shutting down and abandoning module MacServerTargetPlatform (99)
[2018.12.12-23.33.12:353][804]LogModuleManager: Shutting down and abandoning module MacNoEditorTargetPlatform (97)
[2018.12.12-23.33.12:353][804]LogModuleManager: Shutting down and abandoning module MacClientTargetPlatform (95)
[2018.12.12-23.33.12:353][804]LogModuleManager: Shutting down and abandoning module AllDesktopTargetPlatform (93)
[2018.12.12-23.33.12:353][804]LogModuleManager: Shutting down and abandoning module InputCore (90)
[2018.12.12-23.33.12:353][804]LogModuleManager: Shutting down and abandoning module Settings (88)
[2018.12.12-23.33.12:354][804]LogModuleManager: Shutting down and abandoning module PhysXCooking (86)
[2018.12.12-23.33.12:354][804]LogModuleManager: Shutting down and abandoning module SteamVR (84)
[2018.12.12-23.33.12:354][804]LogModuleManager: Shutting down and abandoning module OculusHMD (82)
[2018.12.12-23.33.12:354][804]LogModuleManager: Shutting down and abandoning module ExampleDeviceProfileSelector (80)
[2018.12.12-23.33.12:354][804]LogModuleManager: Shutting down and abandoning module LauncherChunkInstaller (78)
[2018.12.12-23.33.12:354][804]LogModuleManager: Shutting down and abandoning module OnlineBlueprintSupport (76)
[2018.12.12-23.33.12:354][804]LogModuleManager: Shutting down and abandoning module OnlineSubsystem (72)
[2018.12.12-23.33.12:424][804]LogModuleManager: Shutting down and abandoning module XMPP (65)
[2018.12.12-23.33.12:476][804]LogModuleManager: Shutting down and abandoning module WebSockets (64)
[2018.12.12-23.33.12:569][804]LogModuleManager: Shutting down and abandoning module HTTP (61)
[2018.12.12-23.33.12:569][804]LogHttp: Display: Http module shutting down, but needs to wait on 1 outstanding Http requests:
[2018.12.12-23.33.12:569][804]LogHttp: Display: 	verb=[POST] url=[https://datarouter.ol.epicgames.com/datarouter/api/v1/public/data?SessionID=%7BFF539D6A-439A-45E8-4B77-85AA5903D27A%7D&AppID=UEEditor.Rocket.Release&AppVersion=4.20.3-4369336%2B%2B%2BUE4%2BRelease-4.20&UserID=263b8caa4dd1473a23dd419ecda430b4%7C6d4b37c1fab2402f9183580507c8ee3a%7Cd5f7cd83-7bd0-489b-88ad-f06f5993463b&AppEnvironment=datacollector-binary&UploadType=eteventstream] status=Processing
[2018.12.12-23.33.12:595][804]LogModuleManager: Shutting down and abandoning module SSL (60)
[2018.12.12-23.33.12:596][804]LogModuleManager: Shutting down and abandoning module MagicLeapEmulator (56)
[2018.12.12-23.33.12:596][804]LogModuleManager: Shutting down and abandoning module MagicLeapPrivileges (54)
[2018.12.12-23.33.12:596][804]LogModuleManager: Shutting down and abandoning module MagicLeapIdentity (52)
[2018.12.12-23.33.12:596][804]LogModuleManager: Shutting down and abandoning module MagicLeapHelperVulkan (50)
[2018.12.12-23.33.12:596][804]LogModuleManager: Shutting down and abandoning module MagicLeapHelperOpenGL (48)
[2018.12.12-23.33.12:596][804]LogModuleManager: Shutting down and abandoning module MagicLeapSecureStorage (46)
[2018.12.12-23.33.12:596][804]LogModuleManager: Shutting down and abandoning module MagicLeapGestures (44)
[2018.12.12-23.33.12:596][804]LogModuleManager: Shutting down and abandoning module MagicLeapEyeTracker (42)
[2018.12.12-23.33.12:596][804]LogModuleManager: Shutting down and abandoning module MagicLeapController (40)
[2018.12.12-23.33.12:596][804]LogSlate: Slate User Destroyed.  User Index 0, Is Virtual User: 0
[2018.12.12-23.33.12:596][804]LogModuleManager: Shutting down and abandoning module MagicLeap (38)
[2018.12.12-23.33.12:596][804]LogModuleManager: Shutting down and abandoning module AnimationModifiers (36)
[2018.12.12-23.33.12:671][804]LogModuleManager: Shutting down and abandoning module PropertyEditor (35)
[2018.12.12-23.33.12:677][804]LogModuleManager: Shutting down and abandoning module AudioEditor (32)
[2018.12.12-23.33.12:725][804]LogModuleManager: Shutting down and abandoning module TextureCompressor (30)
[2018.12.12-23.33.12:725][804]LogModuleManager: Shutting down and abandoning module ShaderCore (28)
[2018.12.12-23.33.12:725][804]LogModuleManager: Shutting down and abandoning module Landscape (26)
[2018.12.12-23.33.12:725][804]LogModuleManager: Shutting down and abandoning module SlateRHIRenderer (24)
[2018.12.12-23.33.12:735][804]LogModuleManager: Shutting down and abandoning module OpenGLDrv (22)
[2018.12.12-23.33.12:739][804]LogModuleManager: Shutting down and abandoning module D3D11RHI (20)
[2018.12.12-23.33.12:739][804]LogModuleManager: Shutting down and abandoning module AnimGraphRuntime (18)
[2018.12.12-23.33.12:739][804]LogModuleManager: Shutting down and abandoning module Renderer (16)
[2018.12.12-23.33.12:739][804]LogModuleManager: Shutting down and abandoning module Engine (14)
[2018.12.12-23.33.12:739][804]LogModuleManager: Shutting down and abandoning module CoreUObject (12)
[2018.12.12-23.33.12:739][804]LogModuleManager: Shutting down and abandoning module NetworkFile (10)
[2018.12.12-23.33.12:744][804]LogModuleManager: Shutting down and abandoning module CookedIterativeFile (8)
[2018.12.12-23.33.12:744][804]LogModuleManager: Shutting down and abandoning module StreamingFile (6)
[2018.12.12-23.33.12:749][804]LogModuleManager: Shutting down and abandoning module SandboxFile (4)
[2018.12.12-23.33.12:749][804]LogModuleManager: Shutting down and abandoning module PakFile (2)
[2018.12.12-23.33.12:755][804]LogExit: Exiting.
[2018.12.12-23.33.12:760][804]Log file closed, 12/12/18 23:33:12
